Build started 2014-10-08 11:21:09.
     1>Project "C:\Users\mklobukowska\pto_mysimplegimp\MySimpleGimp.vcxproj" on node 2 (Build target(s)).
     1>ClCompile:
         C:\software\vs2013\VC\bin\CL.exe /c /IC:\software\qt\5.3\msvc2013\include\QtGui\5.3.1 /Isrc /Isrc\core /Isrc\gui /I..\..\..\software\qt\5.3\msvc2013\include /I..\..\..\software\qt\5.3\msvc2013\include\QtWidgets /I..\..\..\software\qt\5.3\msvc2013\include\QtGui /I..\..\..\software\qt\5.3\msvc2013\include\QtANGLE /I..\..\..\software\qt\5.3\msvc2013\include\QtCore /Idebug /I. /I"..\..\..\software\qt\5.3\msvc2013\mkspecs\win32-msvc2013" /I.\GeneratedFiles /Zi /nologo /W2 /WX- /Od /Oy- /D _WINDOWS /D UNICODE /D WIN32 /D QT_WIDGETS_LIB /D QT_GUI_LIB /D QT_CORE_LIB /D QT_OPENGL_ES_2 /D QT_OPENGL_ES_2_ANGLE /Gm- /EHsc /MDd /GS /fp:precise /Zc:wchar_t /Zc:forScope /GR /Fo"Win32\Debug\\" /Fd"Win32\Debug\vc120.pdb" /Gd /TP /analyze- /errorReport:prompt -Zm200 -w34100 -w34189 Debug\moc_imageviewer.cpp Debug\moc_map_horizon_dialog.cpp Debug\moc_morph_dialog.cpp Debug\moc_toolsmenu.cpp Debug\moc_transformation.cpp src\core\pnm.cpp src\core\tools.cpp src\core\transformations\bin_gradient.cpp src\core\transformations\bin_iterbimodal.cpp src\core\transformations\bin_manual.cpp src\core\transformations\bin_niblack.cpp src\core\transformations\bin_otsu.cpp src\core\transformations\blur_gaussian.cpp src\core\transformations\blur_linear.cpp src\core\transformations\blur_uniform.cpp src\core\transformations\conversion_grayscale.cpp src\core\transformations\convolution.cpp src\core\transformations\corner_harris.cpp src\core\transformations\correction.cpp src\core\transformations\edge_canny.cpp src\core\transformations\edge_gradient.cpp src\core\transformations\edge_laplacian.cpp src\core\transformations\edge_laplacian_of_gauss.cpp src\core\transformations\edge_prewitt.cpp src\core\transformations\edge_roberts.cpp src\core\transformations\edge_sobel.cpp src\core\transformations\edge_zero.cpp src\core\transformations\histogram_equalization.cpp src\core\transformations\histogram_stretching.cpp src\core\transformations\hough.cpp src\core\transformations\hough_lines.cpp src\core\transformations\hough_rectangles.cpp src\core\transformations\map_height.cpp src\core\transformations\map_horizon.cpp src\core\transformations\map_normal.cpp src\core\transformations\morph_dilate.cpp src\core\transformations\morph_erode.cpp src\core\transformations\morph_openclose.cpp src\core\transformations\morphological_operator.cpp src\core\transformations\negative_image.cpp src\core\transformations\noise_bilateral.cpp src\core\transformations\noise_median.cpp src\core\transformations\segmentation.cpp src\core\transformations\transformation.cpp src\gui\dialogs\correction_dialog.cpp src\gui\dialogs\map_horizon_dialog.cpp src\gui\dialogs\morph_dialog.cpp src\gui\dialogs\slider_dialog.cpp src\gui\histogramviewer.cpp src\gui\imageviewer.cpp src\gui\mainwindow.cpp src\gui\toolsmenu.cpp
         moc_imageviewer.cpp
         moc_map_horizon_dialog.cpp
         moc_morph_dialog.cpp
         moc_toolsmenu.cpp
         moc_transformation.cpp
         pnm.cpp
         tools.cpp
         bin_gradient.cpp
         bin_iterbimodal.cpp
         bin_manual.cpp
         bin_niblack.cpp
         bin_otsu.cpp
         blur_gaussian.cpp
         blur_linear.cpp
         blur_uniform.cpp
         conversion_grayscale.cpp
         convolution.cpp
         corner_harris.cpp
         correction.cpp
         edge_canny.cpp
         Generating Code...
         Compiling...
         edge_gradient.cpp
         edge_laplacian.cpp
         edge_laplacian_of_gauss.cpp
         edge_prewitt.cpp
         edge_roberts.cpp
         edge_sobel.cpp
         edge_zero.cpp
         histogram_equalization.cpp
         histogram_stretching.cpp
         hough.cpp
         hough_lines.cpp
         hough_rectangles.cpp
         map_height.cpp
         map_horizon.cpp
         map_normal.cpp
         morph_dilate.cpp
         morph_erode.cpp
         morph_openclose.cpp
         morphological_operator.cpp
         negative_image.cpp
         Generating Code...
         Compiling...
         noise_bilateral.cpp
         noise_median.cpp
         segmentation.cpp
         transformation.cpp
         correction_dialog.cpp
         map_horizon_dialog.cpp
         morph_dialog.cpp
         slider_dialog.cpp
         histogramviewer.cpp
         imageviewer.cpp
         mainwindow.cpp
         toolsmenu.cpp
         Generating Code...
       Link:
         C:\software\vs2013\VC\bin\link.exe /ERRORREPORT:PROMPT /OUT:"debug\\MySimpleGimp.exe" /NOLOGO /LIBPATH:C:\software\qt\5.3\msvc2013\lib /LIBPATH:C:\software\qt\5.3\msvc2013\lib C:\software\qt\5.3\msvc2013\lib\qtmaind.lib C:\software\qt\5.3\msvc2013\lib\Qt5Widgetsd.lib C:\software\qt\5.3\msvc2013\lib\Qt5Guid.lib C:\software\qt\5.3\msvc2013\lib\Qt5Cored.lib libEGLd.lib libGLESv2d.lib gdi32.lib user32.lib kernel32.lib user32.lib gdi32.lib winspool.lib comdlg32.lib advapi32.lib shell32.lib ole32.lib oleaut32.lib uuid.lib odbc32.lib odbccp32.lib /MANIFEST /MANIFESTUAC:"level='asInvoker' uiAccess='false'" /manifest:embed /DEBUG /PDB:"debug\MySimpleGimp.pdb" /SUBSYSTEM:WINDOWS /TLBID:1 /DYNAMICBASE /NXCOMPAT /MACHINE:X86 /SAFESEH "/MANIFESTDEPENDENCY:type='win32' name='Microsoft.Windows.Common-Controls' version='6.0.0.0' publicKeyToken='6595b64144ccf1df' language='*' processorArchitecture='*'" Win32\Debug\moc_bin_niblack_dialog.obj
         Win32\Debug\moc_corner_harris_dialog.obj
         Win32\Debug\moc_correction_dialog.obj
         Win32\Debug\moc_edge_canny_dialog.obj
         Win32\Debug\moc_edge_zero_dialog.obj
         Win32\Debug\moc_gaussian_dialog.obj
         Win32\Debug\moc_histogramviewer.obj
         Win32\Debug\moc_hough_dialog.obj
         Win32\Debug\moc_hough_lines_dialog.obj
         Win32\Debug\moc_imageviewer.obj
         Win32\Debug\moc_linear_dialog.obj
         Win32\Debug\moc_mainwindow.obj
         Win32\Debug\moc_map_horizon_dialog.obj
         Win32\Debug\moc_map_normal_dialog.obj
         Win32\Debug\moc_mask_dialog.obj
         Win32\Debug\moc_morph_dialog.obj
         Win32\Debug\moc_noise_bilateral_dialog.obj
         Win32\Debug\moc_noise_median_dialog.obj
         Win32\Debug\moc_slider_dialog.obj
         Win32\Debug\moc_tools.obj
         Win32\Debug\moc_toolsmenu.obj
         Win32\Debug\moc_transformation.obj
         Win32\Debug\qrc_icons.obj
         Win32\Debug\bin_gradient.obj
         Win32\Debug\bin_iterbimodal.obj
         Win32\Debug\bin_manual.obj
         Win32\Debug\bin_niblack.obj
         Win32\Debug\bin_niblack_dialog.obj
         Win32\Debug\bin_otsu.obj
         Win32\Debug\blur_gaussian.obj
         Win32\Debug\blur_linear.obj
         Win32\Debug\blur_uniform.obj
         Win32\Debug\conversion_grayscale.obj
         Win32\Debug\convolution.obj
         Win32\Debug\corner_harris.obj
         Win32\Debug\corner_harris_dialog.obj
         Win32\Debug\correction.obj
         Win32\Debug\correction_dialog.obj
         Win32\Debug\edge_canny.obj
         Win32\Debug\edge_canny_dialog.obj
         Win32\Debug\edge_gradient.obj
         Win32\Debug\edge_laplacian.obj
         Win32\Debug\edge_laplacian_of_gauss.obj
         Win32\Debug\edge_prewitt.obj
         Win32\Debug\edge_roberts.obj
         Win32\Debug\edge_sobel.obj
         Win32\Debug\edge_zero.obj
         Win32\Debug\edge_zero_dialog.obj
         Win32\Debug\gaussian_dialog.obj
         Win32\Debug\histogram.obj
         Win32\Debug\histogram_equalization.obj
         Win32\Debug\histogram_stretching.obj
         Win32\Debug\histogramviewer.obj
         Win32\Debug\hough.obj
         Win32\Debug\hough_dialog.obj
         Win32\Debug\hough_lines.obj
         Win32\Debug\hough_lines_dialog.obj
         Win32\Debug\hough_rectangles.obj
         Win32\Debug\imageviewer.obj
         Win32\Debug\linear_dialog.obj
         Win32\Debug\main.obj
         Win32\Debug\mainwindow.obj
         Win32\Debug\map_height.obj
         Win32\Debug\map_horizon.obj
         Win32\Debug\map_horizon_dialog.obj
         Win32\Debug\map_normal.obj
         Win32\Debug\map_normal_dialog.obj
         Win32\Debug\mask_dialog.obj
         Win32\Debug\morph_dialog.obj
         Win32\Debug\morph_dilate.obj
         Win32\Debug\morph_erode.obj
         Win32\Debug\morph_openclose.obj
         Win32\Debug\morphological_operator.obj
         Win32\Debug\negative_image.obj
         Win32\Debug\noise_bilateral.obj
         Win32\Debug\noise_bilateral_dialog.obj
         Win32\Debug\noise_median.obj
         Win32\Debug\noise_median_dialog.obj
         Win32\Debug\pnm.obj
         Win32\Debug\segmentation.obj
         Win32\Debug\slider_dialog.obj
         Win32\Debug\tools.obj
         Win32\Debug\toolsmenu.obj
         Win32\Debug\transformation.obj
         MySimpleGimp.vcxproj -> C:\Users\mklobukowska\pto_mysimplegimp\debug\MySimpleGimp.exe
     1>Done Building Project "C:\Users\mklobukowska\pto_mysimplegimp\MySimpleGimp.vcxproj" (Build target(s)).

Build succeeded.

Time Elapsed 00:00:42.54
